2021-07-30 20:49:12,577 [                     main] INFO                          bootstrap.Driver - ==============================================================
2021-07-30 20:49:12,577 [                     main] INFO                          bootstrap.Driver - Project properties are loaded. Log file generated for this run = executionLogs/
2021-07-30 20:51:15,108 [                     main] INFO                          bootstrap.Driver - ==============================================================
2021-07-30 20:51:15,109 [                     main] INFO                          bootstrap.Driver - Project properties are loaded. Log file generated for this run = executionLogs/
2021-07-30 20:52:16,037 [                     main] INFO                          bootstrap.Driver - ==============================================================
2021-07-30 20:52:16,038 [                     main] INFO                          bootstrap.Driver - Project properties are loaded. Log file generated for this run = executionLogs/
2021-07-30 20:53:22,594 [                     main] INFO                          bootstrap.Driver - ==============================================================
2021-07-30 20:53:22,595 [                     main] INFO                          bootstrap.Driver - Project properties are loaded. Log file generated for this run = executionLogs/
2021-07-30 20:54:16,888 [            time-recorder] ERROR                 timezones.TimezoneHelper - Could not validate timezone
2021-07-30 20:54:19,391 [                     main] INFO                          bootstrap.Driver - ==============================================================
2021-07-30 20:54:19,392 [                     main] INFO                          bootstrap.Driver - Project properties are loaded. Log file generated for this run = executionLogs/
2021-07-30 20:54:20,002 [            time-recorder] ERROR                 timezones.TimezoneHelper - Could not validate timezone
2021-07-30 20:54:33,472 [                     main] INFO                          bootstrap.Driver - ==============================================================
2021-07-30 20:54:33,472 [                     main] INFO                          bootstrap.Driver - Project properties are loaded. Log file generated for this run = executionLogs/
2021-07-30 20:54:33,534 [            time-recorder] INFO                  timezones.TimezoneHelper - Current time = 2021-07-30T19:54:33.484-05:00
2021-07-30 20:54:34,484 [            time-recorder] INFO                  timezones.TimezoneHelper - Current time = 2021-07-30T19:54:34.484-05:00
2021-07-30 20:54:35,483 [            time-recorder] INFO                  timezones.TimezoneHelper - Current time = 2021-07-30T19:54:35.483-05:00
2021-07-30 20:54:36,483 [            time-recorder] INFO                  timezones.TimezoneHelper - Current time = 2021-07-30T19:54:36.483-05:00
2021-07-30 20:54:37,483 [            time-recorder] INFO                  timezones.TimezoneHelper - Current time = 2021-07-30T19:54:37.483-05:00
2021-07-30 20:54:38,483 [            time-recorder] INFO                  timezones.TimezoneHelper - Current time = 2021-07-30T19:54:38.483-05:00
2021-07-30 20:54:39,483 [            time-recorder] INFO                  timezones.TimezoneHelper - Current time = 2021-07-30T19:54:39.483-05:00
2021-07-30 20:54:40,483 [            time-recorder] INFO                  timezones.TimezoneHelper - Current time = 2021-07-30T19:54:40.483-05:00
2021-07-30 20:54:41,484 [            time-recorder] INFO                  timezones.TimezoneHelper - Current time = 2021-07-30T19:54:41.483-05:00
2021-07-30 20:54:42,483 [            time-recorder] INFO                  timezones.TimezoneHelper - Current time = 2021-07-30T19:54:42.483-05:00
2021-07-30 20:54:43,483 [            time-recorder] INFO                  timezones.TimezoneHelper - Current time = 2021-07-30T19:54:43.483-05:00
2021-07-30 20:54:44,483 [            time-recorder] INFO                  timezones.TimezoneHelper - Current time = 2021-07-30T19:54:44.483-05:00
2021-07-30 20:54:45,483 [            time-recorder] INFO                  timezones.TimezoneHelper - Current time = 2021-07-30T19:54:45.483-05:00
2021-07-30 20:54:46,483 [            time-recorder] INFO                  timezones.TimezoneHelper - Current time = 2021-07-30T19:54:46.483-05:00
2021-07-30 20:54:47,483 [            time-recorder] INFO                  timezones.TimezoneHelper - Current time = 2021-07-30T19:54:47.483-05:00
2021-07-30 20:54:48,483 [            time-recorder] INFO                  timezones.TimezoneHelper - Current time = 2021-07-30T19:54:48.483-05:00
2021-07-30 20:54:49,483 [            time-recorder] INFO                  timezones.TimezoneHelper - Current time = 2021-07-30T19:54:49.483-05:00
2021-07-30 20:54:50,483 [            time-recorder] INFO                  timezones.TimezoneHelper - Current time = 2021-07-30T19:54:50.483-05:00
2021-07-30 20:54:51,483 [            time-recorder] INFO                  timezones.TimezoneHelper - Current time = 2021-07-30T19:54:51.483-05:00
2021-07-30 20:54:52,483 [            time-recorder] INFO                  timezones.TimezoneHelper - Current time = 2021-07-30T19:54:52.483-05:00
2021-07-30 20:54:53,483 [            time-recorder] INFO                  timezones.TimezoneHelper - Current time = 2021-07-30T19:54:53.483-05:00
2021-07-30 20:54:54,483 [            time-recorder] INFO                  timezones.TimezoneHelper - Current time = 2021-07-30T19:54:54.483-05:00
2021-07-30 20:54:55,483 [            time-recorder] INFO                  timezones.TimezoneHelper - Current time = 2021-07-30T19:54:55.483-05:00
2021-07-30 20:54:56,483 [            time-recorder] INFO                  timezones.TimezoneHelper - Current time = 2021-07-30T19:54:56.483-05:00
2021-07-30 20:54:57,483 [            time-recorder] INFO                  timezones.TimezoneHelper - Current time = 2021-07-30T19:54:57.483-05:00
2021-07-30 20:54:58,483 [            time-recorder] INFO                  timezones.TimezoneHelper - Current time = 2021-07-30T19:54:58.483-05:00
2021-07-30 20:54:59,483 [            time-recorder] INFO                  timezones.TimezoneHelper - Current time = 2021-07-30T19:54:59.483-05:00
2021-07-30 20:55:00,483 [            time-recorder] INFO                  timezones.TimezoneHelper - Current time = 2021-07-30T19:55:00.483-05:00
2021-07-30 20:55:01,483 [            time-recorder] INFO                  timezones.TimezoneHelper - Current time = 2021-07-30T19:55:01.483-05:00
2021-07-30 20:55:02,483 [            time-recorder] INFO                  timezones.TimezoneHelper - Current time = 2021-07-30T19:55:02.483-05:00
2021-07-30 20:55:03,483 [            time-recorder] INFO                  timezones.TimezoneHelper - Current time = 2021-07-30T19:55:03.483-05:00
2021-07-30 20:55:04,483 [            time-recorder] INFO                  timezones.TimezoneHelper - Current time = 2021-07-30T19:55:04.483-05:00
2021-07-30 20:55:05,483 [            time-recorder] INFO                  timezones.TimezoneHelper - Current time = 2021-07-30T19:55:05.483-05:00
2021-07-30 20:55:06,483 [            time-recorder] INFO                  timezones.TimezoneHelper - Current time = 2021-07-30T19:55:06.483-05:00
2021-07-30 20:55:07,483 [            time-recorder] INFO                  timezones.TimezoneHelper - Current time = 2021-07-30T19:55:07.483-05:00
2021-07-30 20:55:08,483 [            time-recorder] INFO                  timezones.TimezoneHelper - Current time = 2021-07-30T19:55:08.483-05:00
2021-07-30 20:55:09,483 [            time-recorder] INFO                  timezones.TimezoneHelper - Current time = 2021-07-30T19:55:09.483-05:00
2021-07-30 20:55:10,484 [            time-recorder] INFO                  timezones.TimezoneHelper - Current time = 2021-07-30T19:55:10.483-05:00
2021-07-30 20:55:11,483 [            time-recorder] INFO                  timezones.TimezoneHelper - Current time = 2021-07-30T19:55:11.483-05:00
2021-07-30 20:55:12,483 [            time-recorder] INFO                  timezones.TimezoneHelper - Current time = 2021-07-30T19:55:12.483-05:00
2021-07-30 20:55:13,483 [            time-recorder] INFO                  timezones.TimezoneHelper - Current time = 2021-07-30T19:55:13.483-05:00
2021-07-30 20:55:14,483 [            time-recorder] INFO                  timezones.TimezoneHelper - Current time = 2021-07-30T19:55:14.483-05:00
2021-07-30 20:55:15,483 [            time-recorder] INFO                  timezones.TimezoneHelper - Current time = 2021-07-30T19:55:15.483-05:00
2021-07-30 20:55:16,483 [            time-recorder] INFO                  timezones.TimezoneHelper - Current time = 2021-07-30T19:55:16.483-05:00
2021-07-30 20:55:17,483 [            time-recorder] INFO                  timezones.TimezoneHelper - Current time = 2021-07-30T19:55:17.483-05:00
2021-07-30 20:55:18,483 [            time-recorder] INFO                  timezones.TimezoneHelper - Current time = 2021-07-30T19:55:18.483-05:00
2021-07-30 20:55:19,483 [            time-recorder] INFO                  timezones.TimezoneHelper - Current time = 2021-07-30T19:55:19.483-05:00
2021-07-30 20:55:20,483 [            time-recorder] INFO                  timezones.TimezoneHelper - Current time = 2021-07-30T19:55:20.483-05:00
2021-07-30 20:55:21,483 [            time-recorder] INFO                  timezones.TimezoneHelper - Current time = 2021-07-30T19:55:21.483-05:00
2021-07-30 20:55:22,483 [            time-recorder] INFO                  timezones.TimezoneHelper - Current time = 2021-07-30T19:55:22.483-05:00
2021-07-30 20:55:23,483 [            time-recorder] INFO                  timezones.TimezoneHelper - Current time = 2021-07-30T19:55:23.483-05:00
2021-07-30 20:57:03,022 [                     main] INFO                          bootstrap.Driver - ==============================================================
2021-07-30 20:57:03,023 [                     main] INFO                          bootstrap.Driver - Project properties are loaded. Log file generated for this run = executionLogs/
2021-07-30 20:57:03,035 [            time-recorder] ERROR                 timezones.TimezoneHelper - Could not validate timezone
2021-07-30 20:58:34,240 [                     main] INFO                          bootstrap.Driver - ==============================================================
2021-07-30 20:58:34,241 [                     main] INFO                          bootstrap.Driver - Project properties are loaded. Log file generated for this run = executionLogs/
2021-07-30 20:59:46,157 [                     main] INFO                          bootstrap.Driver - ==============================================================
2021-07-30 20:59:46,158 [                     main] INFO                          bootstrap.Driver - Project properties are loaded. Log file generated for this run = executionLogs/
2021-07-30 20:59:46,171 [            time-recorder] ERROR                 timezones.TimezoneHelper - Could not validate timezone::US/Centra1l
2021-07-30 21:00:42,304 [                     main] INFO                          bootstrap.Driver - ==============================================================
2021-07-30 21:00:42,304 [                     main] INFO                          bootstrap.Driver - Project properties are loaded. Log file generated for this run = executionLogs/
2021-07-30 21:00:42,317 [            time-recorder] ERROR                 timezones.TimezoneHelper - --timezone argument supplied is not valid. supplied argument US/Centra1l
2021-07-30 21:00:42,317 [            time-recorder] ERROR                 timezones.TimezoneHelper - Could not validate timezone::US/Centra1l
2021-07-30 21:01:13,385 [                     main] INFO                          bootstrap.Driver - ==============================================================
2021-07-30 21:01:13,385 [                     main] INFO                          bootstrap.Driver - Project properties are loaded. Log file generated for this run = executionLogs/
2021-07-30 21:01:13,442 [            time-recorder] INFO                  timezones.TimezoneHelper - Current time = 2021-07-30T20:01:13.397-05:00
2021-07-30 21:01:14,397 [            time-recorder] INFO                  timezones.TimezoneHelper - Current time = 2021-07-30T20:01:14.397-05:00
2021-07-30 21:01:15,396 [            time-recorder] INFO                  timezones.TimezoneHelper - Current time = 2021-07-30T20:01:15.396-05:00
2021-07-30 21:01:16,396 [            time-recorder] INFO                  timezones.TimezoneHelper - Current time = 2021-07-30T20:01:16.396-05:00
2021-07-30 21:01:17,396 [            time-recorder] INFO                  timezones.TimezoneHelper - Current time = 2021-07-30T20:01:17.396-05:00
2021-07-30 21:01:18,396 [            time-recorder] INFO                  timezones.TimezoneHelper - Current time = 2021-07-30T20:01:18.396-05:00
2021-07-30 21:01:19,396 [            time-recorder] INFO                  timezones.TimezoneHelper - Current time = 2021-07-30T20:01:19.396-05:00
2021-07-30 21:01:20,396 [            time-recorder] INFO                  timezones.TimezoneHelper - Current time = 2021-07-30T20:01:20.396-05:00
2021-07-30 21:01:21,396 [            time-recorder] INFO                  timezones.TimezoneHelper - Current time = 2021-07-30T20:01:21.396-05:00
2021-07-30 22:19:01,666 [                     main] INFO                          bootstrap.Driver - ==============================================================
2021-07-30 22:19:01,667 [                     main] INFO                          bootstrap.Driver - Project properties are loaded. Log file generated for this run = executionLogs/
2021-07-30 22:19:01,734 [            time-recorder] INFO                  timezones.TimezoneHelper - Current time = 2021-07-30T21:19:01.680-05:00
2021-07-30 22:19:02,680 [            time-recorder] INFO                  timezones.TimezoneHelper - Current time = 2021-07-30T21:19:02.680-05:00
2021-07-30 22:19:03,680 [            time-recorder] INFO                  timezones.TimezoneHelper - Current time = 2021-07-30T21:19:03.680-05:00
2021-07-30 22:19:04,680 [            time-recorder] INFO                  timezones.TimezoneHelper - Current time = 2021-07-30T21:19:04.680-05:00
2021-07-30 22:19:05,680 [            time-recorder] INFO                  timezones.TimezoneHelper - Current time = 2021-07-30T21:19:05.680-05:00
2021-07-30 22:19:06,680 [            time-recorder] INFO                  timezones.TimezoneHelper - Current time = 2021-07-30T21:19:06.680-05:00
2021-07-30 22:19:07,680 [            time-recorder] INFO                  timezones.TimezoneHelper - Current time = 2021-07-30T21:19:07.680-05:00
2021-07-30 22:19:08,680 [            time-recorder] INFO                  timezones.TimezoneHelper - Current time = 2021-07-30T21:19:08.680-05:00
2021-07-30 22:19:09,680 [            time-recorder] INFO                  timezones.TimezoneHelper - Current time = 2021-07-30T21:19:09.680-05:00
2021-07-30 22:19:10,680 [            time-recorder] INFO                  timezones.TimezoneHelper - Current time = 2021-07-30T21:19:10.680-05:00
2021-07-30 22:19:11,680 [            time-recorder] INFO                  timezones.TimezoneHelper - Current time = 2021-07-30T21:19:11.680-05:00
2021-07-30 22:19:12,680 [            time-recorder] INFO                  timezones.TimezoneHelper - Current time = 2021-07-30T21:19:12.680-05:00
2021-07-30 22:19:13,680 [            time-recorder] INFO                  timezones.TimezoneHelper - Current time = 2021-07-30T21:19:13.680-05:00
2021-07-30 22:19:14,680 [            time-recorder] INFO                  timezones.TimezoneHelper - Current time = 2021-07-30T21:19:14.680-05:00
2021-07-30 22:19:15,680 [            time-recorder] INFO                  timezones.TimezoneHelper - Current time = 2021-07-30T21:19:15.680-05:00
2021-07-30 22:19:16,680 [            time-recorder] INFO                  timezones.TimezoneHelper - Current time = 2021-07-30T21:19:16.680-05:00
2021-07-30 22:19:17,680 [            time-recorder] INFO                  timezones.TimezoneHelper - Current time = 2021-07-30T21:19:17.680-05:00
2021-07-30 22:19:18,680 [            time-recorder] INFO                  timezones.TimezoneHelper - Current time = 2021-07-30T21:19:18.680-05:00
2021-07-30 22:19:19,680 [            time-recorder] INFO                  timezones.TimezoneHelper - Current time = 2021-07-30T21:19:19.680-05:00
2021-07-30 22:19:20,680 [            time-recorder] INFO                  timezones.TimezoneHelper - Current time = 2021-07-30T21:19:20.680-05:00
2021-07-30 22:19:21,680 [            time-recorder] INFO                  timezones.TimezoneHelper - Current time = 2021-07-30T21:19:21.680-05:00
2021-07-30 22:19:22,680 [            time-recorder] INFO                  timezones.TimezoneHelper - Current time = 2021-07-30T21:19:22.680-05:00
2021-07-30 22:19:23,680 [            time-recorder] INFO                  timezones.TimezoneHelper - Current time = 2021-07-30T21:19:23.680-05:00
2021-07-30 22:19:24,680 [            time-recorder] INFO                  timezones.TimezoneHelper - Current time = 2021-07-30T21:19:24.680-05:00
2021-07-30 22:19:25,680 [            time-recorder] INFO                  timezones.TimezoneHelper - Current time = 2021-07-30T21:19:25.680-05:00
2021-07-30 22:19:26,680 [            time-recorder] INFO                  timezones.TimezoneHelper - Current time = 2021-07-30T21:19:26.680-05:00
2021-07-30 22:19:27,680 [            time-recorder] INFO                  timezones.TimezoneHelper - Current time = 2021-07-30T21:19:27.680-05:00
2021-07-30 22:19:28,680 [            time-recorder] INFO                  timezones.TimezoneHelper - Current time = 2021-07-30T21:19:28.680-05:00
2021-07-30 22:19:29,680 [            time-recorder] INFO                  timezones.TimezoneHelper - Current time = 2021-07-30T21:19:29.680-05:00
2021-07-30 22:19:30,680 [            time-recorder] INFO                  timezones.TimezoneHelper - Current time = 2021-07-30T21:19:30.680-05:00
2021-07-30 22:19:31,680 [            time-recorder] INFO                  timezones.TimezoneHelper - Current time = 2021-07-30T21:19:31.680-05:00
2021-07-30 22:19:32,680 [            time-recorder] INFO                  timezones.TimezoneHelper - Current time = 2021-07-30T21:19:32.680-05:00
2021-07-30 22:19:33,680 [            time-recorder] INFO                  timezones.TimezoneHelper - Current time = 2021-07-30T21:19:33.680-05:00
2021-07-30 22:19:34,680 [            time-recorder] INFO                  timezones.TimezoneHelper - Current time = 2021-07-30T21:19:34.680-05:00
2021-07-30 22:19:35,680 [            time-recorder] INFO                  timezones.TimezoneHelper - Current time = 2021-07-30T21:19:35.680-05:00
2021-07-30 22:19:36,680 [            time-recorder] INFO                  timezones.TimezoneHelper - Current time = 2021-07-30T21:19:36.680-05:00
2021-07-30 22:19:37,680 [            time-recorder] INFO                  timezones.TimezoneHelper - Current time = 2021-07-30T21:19:37.680-05:00
2021-07-30 22:19:38,680 [            time-recorder] INFO                  timezones.TimezoneHelper - Current time = 2021-07-30T21:19:38.680-05:00
2021-07-30 22:19:39,680 [            time-recorder] INFO                  timezones.TimezoneHelper - Current time = 2021-07-30T21:19:39.680-05:00
2021-07-30 22:19:40,680 [            time-recorder] INFO                  timezones.TimezoneHelper - Current time = 2021-07-30T21:19:40.680-05:00
2021-07-30 22:19:41,680 [            time-recorder] INFO                  timezones.TimezoneHelper - Current time = 2021-07-30T21:19:41.680-05:00
2021-07-30 22:19:42,680 [            time-recorder] INFO                  timezones.TimezoneHelper - Current time = 2021-07-30T21:19:42.680-05:00
2021-07-30 22:19:43,680 [            time-recorder] INFO                  timezones.TimezoneHelper - Current time = 2021-07-30T21:19:43.680-05:00
2021-07-30 22:19:44,680 [            time-recorder] INFO                  timezones.TimezoneHelper - Current time = 2021-07-30T21:19:44.680-05:00
2021-07-30 22:19:45,680 [            time-recorder] INFO                  timezones.TimezoneHelper - Current time = 2021-07-30T21:19:45.680-05:00
2021-07-30 22:19:46,680 [            time-recorder] INFO                  timezones.TimezoneHelper - Current time = 2021-07-30T21:19:46.680-05:00
2021-07-30 22:19:47,680 [            time-recorder] INFO                  timezones.TimezoneHelper - Current time = 2021-07-30T21:19:47.680-05:00
2021-07-30 22:19:48,680 [            time-recorder] INFO                  timezones.TimezoneHelper - Current time = 2021-07-30T21:19:48.680-05:00
2021-07-30 22:19:49,680 [            time-recorder] INFO                  timezones.TimezoneHelper - Current time = 2021-07-30T21:19:49.680-05:00
2021-07-30 22:19:50,680 [            time-recorder] INFO                  timezones.TimezoneHelper - Current time = 2021-07-30T21:19:50.680-05:00
2021-07-30 22:19:51,680 [            time-recorder] INFO                  timezones.TimezoneHelper - Current time = 2021-07-30T21:19:51.680-05:00
2021-07-30 22:19:52,680 [            time-recorder] INFO                  timezones.TimezoneHelper - Current time = 2021-07-30T21:19:52.680-05:00
2021-07-30 22:19:53,680 [            time-recorder] INFO                  timezones.TimezoneHelper - Current time = 2021-07-30T21:19:53.680-05:00
2021-07-30 22:19:54,680 [            time-recorder] INFO                  timezones.TimezoneHelper - Current time = 2021-07-30T21:19:54.680-05:00
2021-07-30 22:19:55,680 [            time-recorder] INFO                  timezones.TimezoneHelper - Current time = 2021-07-30T21:19:55.680-05:00
2021-07-30 22:19:56,680 [            time-recorder] INFO                  timezones.TimezoneHelper - Current time = 2021-07-30T21:19:56.680-05:00
2021-07-30 22:19:57,680 [            time-recorder] INFO                  timezones.TimezoneHelper - Current time = 2021-07-30T21:19:57.680-05:00
2021-07-30 22:19:58,680 [            time-recorder] INFO                  timezones.TimezoneHelper - Current time = 2021-07-30T21:19:58.680-05:00
2021-07-30 22:19:59,680 [            time-recorder] INFO                  timezones.TimezoneHelper - Current time = 2021-07-30T21:19:59.680-05:00
2021-07-30 22:20:00,680 [            time-recorder] INFO                  timezones.TimezoneHelper - Current time = 2021-07-30T21:20:00.680-05:00
2021-07-30 22:20:01,680 [            time-recorder] INFO                  timezones.TimezoneHelper - Current time = 2021-07-30T21:20:01.680-05:00
2021-07-30 22:20:02,680 [            time-recorder] INFO                  timezones.TimezoneHelper - Current time = 2021-07-30T21:20:02.680-05:00
2021-07-30 22:20:03,680 [            time-recorder] INFO                  timezones.TimezoneHelper - Current time = 2021-07-30T21:20:03.680-05:00
2021-07-30 22:20:04,680 [            time-recorder] INFO                  timezones.TimezoneHelper - Current time = 2021-07-30T21:20:04.680-05:00
2021-07-30 22:20:05,680 [            time-recorder] INFO                  timezones.TimezoneHelper - Current time = 2021-07-30T21:20:05.680-05:00
2021-07-30 22:20:06,680 [            time-recorder] INFO                  timezones.TimezoneHelper - Current time = 2021-07-30T21:20:06.680-05:00
2021-07-30 22:20:07,680 [            time-recorder] INFO                  timezones.TimezoneHelper - Current time = 2021-07-30T21:20:07.680-05:00
2021-07-30 22:20:08,680 [            time-recorder] INFO                  timezones.TimezoneHelper - Current time = 2021-07-30T21:20:08.680-05:00
2021-07-30 22:20:09,680 [            time-recorder] INFO                  timezones.TimezoneHelper - Current time = 2021-07-30T21:20:09.680-05:00
2021-07-30 22:20:10,680 [            time-recorder] INFO                  timezones.TimezoneHelper - Current time = 2021-07-30T21:20:10.680-05:00
2021-07-30 22:20:11,680 [            time-recorder] INFO                  timezones.TimezoneHelper - Current time = 2021-07-30T21:20:11.680-05:00
2021-07-30 22:20:12,680 [            time-recorder] INFO                  timezones.TimezoneHelper - Current time = 2021-07-30T21:20:12.680-05:00
2021-07-30 22:20:13,680 [            time-recorder] INFO                  timezones.TimezoneHelper - Current time = 2021-07-30T21:20:13.680-05:00
2021-07-30 22:20:14,680 [            time-recorder] INFO                  timezones.TimezoneHelper - Current time = 2021-07-30T21:20:14.680-05:00
2021-07-30 22:20:15,680 [            time-recorder] INFO                  timezones.TimezoneHelper - Current time = 2021-07-30T21:20:15.680-05:00
2021-07-30 22:20:16,680 [            time-recorder] INFO                  timezones.TimezoneHelper - Current time = 2021-07-30T21:20:16.680-05:00
2021-07-30 22:20:17,680 [            time-recorder] INFO                  timezones.TimezoneHelper - Current time = 2021-07-30T21:20:17.680-05:00
2021-07-30 22:20:18,680 [            time-recorder] INFO                  timezones.TimezoneHelper - Current time = 2021-07-30T21:20:18.680-05:00
2021-07-30 22:20:19,680 [            time-recorder] INFO                  timezones.TimezoneHelper - Current time = 2021-07-30T21:20:19.680-05:00
2021-07-30 22:20:20,680 [            time-recorder] INFO                  timezones.TimezoneHelper - Current time = 2021-07-30T21:20:20.680-05:00
2021-07-30 22:20:21,680 [            time-recorder] INFO                  timezones.TimezoneHelper - Current time = 2021-07-30T21:20:21.680-05:00
2021-07-30 22:20:22,680 [            time-recorder] INFO                  timezones.TimezoneHelper - Current time = 2021-07-30T21:20:22.680-05:00
2021-07-30 22:20:23,680 [            time-recorder] INFO                  timezones.TimezoneHelper - Current time = 2021-07-30T21:20:23.680-05:00
2021-07-30 22:20:24,680 [            time-recorder] INFO                  timezones.TimezoneHelper - Current time = 2021-07-30T21:20:24.680-05:00
2021-07-30 22:20:25,680 [            time-recorder] INFO                  timezones.TimezoneHelper - Current time = 2021-07-30T21:20:25.680-05:00
2021-07-30 22:20:26,680 [            time-recorder] INFO                  timezones.TimezoneHelper - Current time = 2021-07-30T21:20:26.680-05:00
2021-07-30 22:20:27,680 [            time-recorder] INFO                  timezones.TimezoneHelper - Current time = 2021-07-30T21:20:27.680-05:00
2021-07-30 22:20:28,680 [            time-recorder] INFO                  timezones.TimezoneHelper - Current time = 2021-07-30T21:20:28.680-05:00
2021-07-30 22:20:29,680 [            time-recorder] INFO                  timezones.TimezoneHelper - Current time = 2021-07-30T21:20:29.680-05:00
2021-07-30 22:20:30,680 [            time-recorder] INFO                  timezones.TimezoneHelper - Current time = 2021-07-30T21:20:30.680-05:00
2021-07-30 22:20:31,680 [            time-recorder] INFO                  timezones.TimezoneHelper - Current time = 2021-07-30T21:20:31.680-05:00
2021-07-30 22:20:32,680 [            time-recorder] INFO                  timezones.TimezoneHelper - Current time = 2021-07-30T21:20:32.680-05:00
2021-07-30 22:20:33,680 [            time-recorder] INFO                  timezones.TimezoneHelper - Current time = 2021-07-30T21:20:33.680-05:00
2021-07-30 22:20:34,680 [            time-recorder] INFO                  timezones.TimezoneHelper - Current time = 2021-07-30T21:20:34.680-05:00
2021-07-30 22:20:35,680 [            time-recorder] INFO                  timezones.TimezoneHelper - Current time = 2021-07-30T21:20:35.680-05:00
2021-07-30 22:20:36,680 [            time-recorder] INFO                  timezones.TimezoneHelper - Current time = 2021-07-30T21:20:36.680-05:00
2021-07-30 22:20:37,680 [            time-recorder] INFO                  timezones.TimezoneHelper - Current time = 2021-07-30T21:20:37.680-05:00
2021-07-30 22:20:38,680 [            time-recorder] INFO                  timezones.TimezoneHelper - Current time = 2021-07-30T21:20:38.680-05:00
2021-07-30 22:20:39,680 [            time-recorder] INFO                  timezones.TimezoneHelper - Current time = 2021-07-30T21:20:39.680-05:00
2021-07-30 22:20:40,680 [            time-recorder] INFO                  timezones.TimezoneHelper - Current time = 2021-07-30T21:20:40.680-05:00
2021-07-30 22:20:41,680 [            time-recorder] INFO                  timezones.TimezoneHelper - Current time = 2021-07-30T21:20:41.680-05:00
2021-07-30 22:20:42,680 [            time-recorder] INFO                  timezones.TimezoneHelper - Current time = 2021-07-30T21:20:42.680-05:00
2021-07-30 22:20:43,680 [            time-recorder] INFO                  timezones.TimezoneHelper - Current time = 2021-07-30T21:20:43.680-05:00
2021-07-30 22:20:44,680 [            time-recorder] INFO                  timezones.TimezoneHelper - Current time = 2021-07-30T21:20:44.680-05:00
2021-07-30 22:20:45,680 [            time-recorder] INFO                  timezones.TimezoneHelper - Current time = 2021-07-30T21:20:45.680-05:00
2021-07-30 22:20:46,680 [            time-recorder] INFO                  timezones.TimezoneHelper - Current time = 2021-07-30T21:20:46.680-05:00
2021-07-30 22:40:37,937 [                     main] INFO                          bootstrap.Driver - ==============================================================
2021-07-30 22:40:37,938 [                     main] INFO                          bootstrap.Driver - Project properties are loaded. Log file generated for this run = executionLogs/
2021-07-30 22:40:38,002 [            time-recorder] INFO                  timezones.TimezoneHelper - Current time = 2021-07-30T21:40:37.950-05:00
2021-07-30 22:40:38,950 [            time-recorder] INFO                  timezones.TimezoneHelper - Current time = 2021-07-30T21:40:38.950-05:00
2021-07-30 22:40:39,950 [            time-recorder] INFO                  timezones.TimezoneHelper - Current time = 2021-07-30T21:40:39.949-05:00
2021-07-30 22:40:40,950 [            time-recorder] INFO                  timezones.TimezoneHelper - Current time = 2021-07-30T21:40:40.949-05:00
2021-07-30 22:40:41,950 [            time-recorder] INFO                  timezones.TimezoneHelper - Current time = 2021-07-30T21:40:41.949-05:00
2021-07-30 22:40:42,950 [            time-recorder] INFO                  timezones.TimezoneHelper - Current time = 2021-07-30T21:40:42.949-05:00
2021-07-30 22:40:43,950 [            time-recorder] INFO                  timezones.TimezoneHelper - Current time = 2021-07-30T21:40:43.949-05:00
2021-07-30 22:40:44,950 [            time-recorder] INFO                  timezones.TimezoneHelper - Current time = 2021-07-30T21:40:44.949-05:00
2021-07-30 22:40:45,950 [            time-recorder] INFO                  timezones.TimezoneHelper - Current time = 2021-07-30T21:40:45.950-05:00
2021-07-30 22:40:46,950 [            time-recorder] INFO                  timezones.TimezoneHelper - Current time = 2021-07-30T21:40:46.949-05:00
2021-07-30 22:40:47,950 [            time-recorder] INFO                  timezones.TimezoneHelper - Current time = 2021-07-30T21:40:47.949-05:00
2021-07-30 22:40:48,950 [            time-recorder] INFO                  timezones.TimezoneHelper - Current time = 2021-07-30T21:40:48.949-05:00
2021-07-30 22:40:49,950 [            time-recorder] INFO                  timezones.TimezoneHelper - Current time = 2021-07-30T21:40:49.949-05:00
2021-07-30 22:40:50,950 [            time-recorder] INFO                  timezones.TimezoneHelper - Current time = 2021-07-30T21:40:50.949-05:00
2021-07-30 22:40:51,950 [            time-recorder] INFO                  timezones.TimezoneHelper - Current time = 2021-07-30T21:40:51.949-05:00
2021-07-30 22:40:52,950 [            time-recorder] INFO                  timezones.TimezoneHelper - Current time = 2021-07-30T21:40:52.949-05:00
2021-07-30 22:40:53,950 [            time-recorder] INFO                  timezones.TimezoneHelper - Current time = 2021-07-30T21:40:53.949-05:00
2021-07-30 22:40:54,950 [            time-recorder] INFO                  timezones.TimezoneHelper - Current time = 2021-07-30T21:40:54.949-05:00
2021-07-30 22:40:55,950 [            time-recorder] INFO                  timezones.TimezoneHelper - Current time = 2021-07-30T21:40:55.949-05:00
2021-07-30 22:40:56,950 [            time-recorder] INFO                  timezones.TimezoneHelper - Current time = 2021-07-30T21:40:56.949-05:00
2021-07-30 22:40:57,950 [            time-recorder] INFO                  timezones.TimezoneHelper - Current time = 2021-07-30T21:40:57.949-05:00
2021-07-30 22:40:58,950 [            time-recorder] INFO                  timezones.TimezoneHelper - Current time = 2021-07-30T21:40:58.949-05:00
2021-07-30 22:40:59,950 [            time-recorder] INFO                  timezones.TimezoneHelper - Current time = 2021-07-30T21:40:59.949-05:00
2021-07-30 22:41:00,950 [            time-recorder] INFO                  timezones.TimezoneHelper - Current time = 2021-07-30T21:41:00.949-05:00
2021-07-30 22:41:01,950 [            time-recorder] INFO                  timezones.TimezoneHelper - Current time = 2021-07-30T21:41:01.949-05:00
2021-07-30 22:41:02,950 [            time-recorder] INFO                  timezones.TimezoneHelper - Current time = 2021-07-30T21:41:02.949-05:00
2021-07-30 22:41:03,950 [            time-recorder] INFO                  timezones.TimezoneHelper - Current time = 2021-07-30T21:41:03.949-05:00
2021-07-30 22:41:04,950 [            time-recorder] INFO                  timezones.TimezoneHelper - Current time = 2021-07-30T21:41:04.949-05:00
2021-07-30 22:41:05,950 [            time-recorder] INFO                  timezones.TimezoneHelper - Current time = 2021-07-30T21:41:05.949-05:00
2021-07-30 22:41:06,950 [            time-recorder] INFO                  timezones.TimezoneHelper - Current time = 2021-07-30T21:41:06.949-05:00
2021-07-30 22:41:07,950 [            time-recorder] INFO                  timezones.TimezoneHelper - Current time = 2021-07-30T21:41:07.949-05:00
2021-07-30 22:41:08,950 [            time-recorder] INFO                  timezones.TimezoneHelper - Current time = 2021-07-30T21:41:08.949-05:00
2021-07-30 22:41:09,950 [            time-recorder] INFO                  timezones.TimezoneHelper - Current time = 2021-07-30T21:41:09.949-05:00
2021-07-30 22:41:10,950 [            time-recorder] INFO                  timezones.TimezoneHelper - Current time = 2021-07-30T21:41:10.949-05:00
2021-07-30 22:41:11,950 [            time-recorder] INFO                  timezones.TimezoneHelper - Current time = 2021-07-30T21:41:11.949-05:00
2021-07-30 22:41:12,950 [            time-recorder] INFO                  timezones.TimezoneHelper - Current time = 2021-07-30T21:41:12.949-05:00
2021-07-30 22:41:13,950 [            time-recorder] INFO                  timezones.TimezoneHelper - Current time = 2021-07-30T21:41:13.949-05:00
2021-07-30 22:41:14,950 [            time-recorder] INFO                  timezones.TimezoneHelper - Current time = 2021-07-30T21:41:14.949-05:00
2021-07-30 22:41:15,950 [            time-recorder] INFO                  timezones.TimezoneHelper - Current time = 2021-07-30T21:41:15.949-05:00
2021-07-30 22:41:16,950 [            time-recorder] INFO                  timezones.TimezoneHelper - Current time = 2021-07-30T21:41:16.949-05:00
2021-07-30 22:41:17,950 [            time-recorder] INFO                  timezones.TimezoneHelper - Current time = 2021-07-30T21:41:17.949-05:00
2021-07-30 22:41:18,950 [            time-recorder] INFO                  timezones.TimezoneHelper - Current time = 2021-07-30T21:41:18.949-05:00
2021-07-30 22:41:19,950 [            time-recorder] INFO                  timezones.TimezoneHelper - Current time = 2021-07-30T21:41:19.949-05:00
2021-07-30 22:41:20,950 [            time-recorder] INFO                  timezones.TimezoneHelper - Current time = 2021-07-30T21:41:20.949-05:00
2021-07-30 22:41:21,950 [            time-recorder] INFO                  timezones.TimezoneHelper - Current time = 2021-07-30T21:41:21.949-05:00
2021-07-30 22:41:22,950 [            time-recorder] INFO                  timezones.TimezoneHelper - Current time = 2021-07-30T21:41:22.949-05:00
2021-07-30 22:41:23,950 [            time-recorder] INFO                  timezones.TimezoneHelper - Current time = 2021-07-30T21:41:23.949-05:00
2021-07-30 22:41:24,950 [            time-recorder] INFO                  timezones.TimezoneHelper - Current time = 2021-07-30T21:41:24.949-05:00
2021-07-30 22:41:25,950 [            time-recorder] INFO                  timezones.TimezoneHelper - Current time = 2021-07-30T21:41:25.949-05:00
2021-07-30 22:41:26,950 [            time-recorder] INFO                  timezones.TimezoneHelper - Current time = 2021-07-30T21:41:26.949-05:00
2021-07-30 22:41:27,950 [            time-recorder] INFO                  timezones.TimezoneHelper - Current time = 2021-07-30T21:41:27.949-05:00
2021-07-30 22:41:28,950 [            time-recorder] INFO                  timezones.TimezoneHelper - Current time = 2021-07-30T21:41:28.949-05:00
2021-07-30 22:41:29,950 [            time-recorder] INFO                  timezones.TimezoneHelper - Current time = 2021-07-30T21:41:29.949-05:00
2021-07-30 22:41:30,950 [            time-recorder] INFO                  timezones.TimezoneHelper - Current time = 2021-07-30T21:41:30.949-05:00
2021-07-30 22:41:31,950 [            time-recorder] INFO                  timezones.TimezoneHelper - Current time = 2021-07-30T21:41:31.949-05:00
2021-07-30 22:41:32,950 [            time-recorder] INFO                  timezones.TimezoneHelper - Current time = 2021-07-30T21:41:32.949-05:00
2021-07-30 22:41:33,950 [            time-recorder] INFO                  timezones.TimezoneHelper - Current time = 2021-07-30T21:41:33.949-05:00
2021-07-30 22:41:34,950 [            time-recorder] INFO                  timezones.TimezoneHelper - Current time = 2021-07-30T21:41:34.949-05:00
2021-07-30 22:41:35,950 [            time-recorder] INFO                  timezones.TimezoneHelper - Current time = 2021-07-30T21:41:35.949-05:00
2021-07-30 22:41:36,950 [            time-recorder] INFO                  timezones.TimezoneHelper - Current time = 2021-07-30T21:41:36.949-05:00
2021-07-30 22:41:37,950 [            time-recorder] INFO                  timezones.TimezoneHelper - Current time = 2021-07-30T21:41:37.949-05:00
2021-07-30 22:41:38,950 [            time-recorder] INFO                  timezones.TimezoneHelper - Current time = 2021-07-30T21:41:38.949-05:00
2021-07-30 22:41:39,950 [            time-recorder] INFO                  timezones.TimezoneHelper - Current time = 2021-07-30T21:41:39.949-05:00
2021-07-30 22:41:40,950 [            time-recorder] INFO                  timezones.TimezoneHelper - Current time = 2021-07-30T21:41:40.950-05:00
2021-07-30 22:41:41,950 [            time-recorder] INFO                  timezones.TimezoneHelper - Current time = 2021-07-30T21:41:41.949-05:00
2021-07-30 22:41:42,950 [            time-recorder] INFO                  timezones.TimezoneHelper - Current time = 2021-07-30T21:41:42.949-05:00
2021-07-30 22:41:43,950 [            time-recorder] INFO                  timezones.TimezoneHelper - Current time = 2021-07-30T21:41:43.949-05:00
2021-07-30 22:42:05,860 [                     main] INFO                          bootstrap.Driver - ==============================================================
2021-07-30 22:42:05,861 [                     main] INFO                          bootstrap.Driver - Project properties are loaded. Log file generated for this run = executionLogs/
2021-07-30 22:42:05,873 [            time-recorder] ERROR                 timezones.TimezoneHelper - --timezone argument supplied is not valid. supplied argument Asia/Kolkatta
2021-07-30 22:42:05,873 [            time-recorder] ERROR                 timezones.TimezoneHelper - Could not validate timezone::Asia/Kolkatta
2021-07-30 22:42:23,674 [                     main] INFO                          bootstrap.Driver - ==============================================================
2021-07-30 22:42:23,674 [                     main] INFO                          bootstrap.Driver - Project properties are loaded. Log file generated for this run = executionLogs/
2021-07-30 22:42:23,734 [            time-recorder] INFO                  timezones.TimezoneHelper - Current time = 2021-07-31T08:12:23.686+05:30
2021-07-30 22:42:24,686 [            time-recorder] INFO                  timezones.TimezoneHelper - Current time = 2021-07-31T08:12:24.686+05:30
2021-07-30 22:42:25,686 [            time-recorder] INFO                  timezones.TimezoneHelper - Current time = 2021-07-31T08:12:25.686+05:30
2021-07-30 22:42:26,686 [            time-recorder] INFO                  timezones.TimezoneHelper - Current time = 2021-07-31T08:12:26.686+05:30
2021-07-30 22:42:27,686 [            time-recorder] INFO                  timezones.TimezoneHelper - Current time = 2021-07-31T08:12:27.686+05:30
2021-07-30 22:42:28,686 [            time-recorder] INFO                  timezones.TimezoneHelper - Current time = 2021-07-31T08:12:28.686+05:30
2021-07-30 22:42:29,686 [            time-recorder] INFO                  timezones.TimezoneHelper - Current time = 2021-07-31T08:12:29.686+05:30
2021-07-30 22:42:30,686 [            time-recorder] INFO                  timezones.TimezoneHelper - Current time = 2021-07-31T08:12:30.686+05:30
2021-07-30 22:42:31,686 [            time-recorder] INFO                  timezones.TimezoneHelper - Current time = 2021-07-31T08:12:31.686+05:30
2021-07-30 22:42:32,686 [            time-recorder] INFO                  timezones.TimezoneHelper - Current time = 2021-07-31T08:12:32.686+05:30
2021-07-30 22:42:33,686 [            time-recorder] INFO                  timezones.TimezoneHelper - Current time = 2021-07-31T08:12:33.686+05:30
2021-07-30 22:42:34,686 [            time-recorder] INFO                  timezones.TimezoneHelper - Current time = 2021-07-31T08:12:34.686+05:30
2021-07-30 22:42:35,686 [            time-recorder] INFO                  timezones.TimezoneHelper - Current time = 2021-07-31T08:12:35.686+05:30
2021-07-30 22:42:36,686 [            time-recorder] INFO                  timezones.TimezoneHelper - Current time = 2021-07-31T08:12:36.686+05:30
2021-07-30 22:42:37,686 [            time-recorder] INFO                  timezones.TimezoneHelper - Current time = 2021-07-31T08:12:37.686+05:30
2021-07-30 22:42:38,686 [            time-recorder] INFO                  timezones.TimezoneHelper - Current time = 2021-07-31T08:12:38.686+05:30
2021-07-30 22:42:39,686 [            time-recorder] INFO                  timezones.TimezoneHelper - Current time = 2021-07-31T08:12:39.686+05:30
2021-07-30 22:42:40,686 [            time-recorder] INFO                  timezones.TimezoneHelper - Current time = 2021-07-31T08:12:40.686+05:30
2021-07-30 22:42:41,686 [            time-recorder] INFO                  timezones.TimezoneHelper - Current time = 2021-07-31T08:12:41.686+05:30
2021-07-30 22:42:42,686 [            time-recorder] INFO                  timezones.TimezoneHelper - Current time = 2021-07-31T08:12:42.686+05:30
2021-07-30 22:42:43,686 [            time-recorder] INFO                  timezones.TimezoneHelper - Current time = 2021-07-31T08:12:43.686+05:30
2021-07-30 22:42:44,687 [            time-recorder] INFO                  timezones.TimezoneHelper - Current time = 2021-07-31T08:12:44.686+05:30
2021-07-30 22:42:45,686 [            time-recorder] INFO                  timezones.TimezoneHelper - Current time = 2021-07-31T08:12:45.686+05:30
2021-07-30 22:42:46,686 [            time-recorder] INFO                  timezones.TimezoneHelper - Current time = 2021-07-31T08:12:46.686+05:30
2021-07-30 22:42:47,686 [            time-recorder] INFO                  timezones.TimezoneHelper - Current time = 2021-07-31T08:12:47.686+05:30
2021-07-30 22:42:48,686 [            time-recorder] INFO                  timezones.TimezoneHelper - Current time = 2021-07-31T08:12:48.686+05:30
2021-07-30 22:43:17,314 [                     main] INFO                          bootstrap.Driver - ==============================================================
2021-07-30 22:43:17,315 [                     main] INFO                          bootstrap.Driver - Project properties are loaded. Log file generated for this run = executionLogs/
2021-07-30 22:43:17,376 [            time-recorder] INFO                  timezones.TimezoneHelper - Current time = 2021-07-31T08:13:17.327+05:30
2021-07-30 22:43:22,327 [            time-recorder] INFO                  timezones.TimezoneHelper - Current time = 2021-07-31T08:13:22.327+05:30
2021-07-30 22:43:27,327 [            time-recorder] INFO                  timezones.TimezoneHelper - Current time = 2021-07-31T08:13:27.327+05:30
2021-07-30 22:43:32,327 [            time-recorder] INFO                  timezones.TimezoneHelper - Current time = 2021-07-31T08:13:32.327+05:30
2021-07-30 22:43:37,327 [            time-recorder] INFO                  timezones.TimezoneHelper - Current time = 2021-07-31T08:13:37.327+05:30
2021-07-30 22:50:26,648 [                     main] INFO                          bootstrap.Driver - ==============================================================
2021-07-30 22:50:26,648 [                     main] INFO                          bootstrap.Driver - Project properties are loaded. Log file generated for this run = executionLogs/
2021-07-30 22:50:26,703 [            time-recorder] INFO                  timezones.TimezoneHelper - Current time = 2021-07-30T22:50:26.664-04:00
2021-07-30 22:50:27,664 [            time-recorder] INFO                  timezones.TimezoneHelper - Current time = 2021-07-30T22:50:27.664-04:00
2021-07-30 22:50:28,663 [            time-recorder] INFO                  timezones.TimezoneHelper - Current time = 2021-07-30T22:50:28.663-04:00
2021-07-30 22:50:29,663 [            time-recorder] INFO                  timezones.TimezoneHelper - Current time = 2021-07-30T22:50:29.663-04:00
2021-07-30 22:50:30,663 [            time-recorder] INFO                  timezones.TimezoneHelper - Current time = 2021-07-30T22:50:30.663-04:00
2021-07-30 22:50:31,663 [            time-recorder] INFO                  timezones.TimezoneHelper - Current time = 2021-07-30T22:50:31.663-04:00
2021-07-30 22:50:32,663 [            time-recorder] INFO                  timezones.TimezoneHelper - Current time = 2021-07-30T22:50:32.663-04:00
2021-07-30 22:50:33,663 [            time-recorder] INFO                  timezones.TimezoneHelper - Current time = 2021-07-30T22:50:33.663-04:00
2021-07-30 22:50:34,663 [            time-recorder] INFO                  timezones.TimezoneHelper - Current time = 2021-07-30T22:50:34.663-04:00
2021-07-30 22:50:35,663 [            time-recorder] INFO                  timezones.TimezoneHelper - Current time = 2021-07-30T22:50:35.663-04:00
2021-07-30 22:50:36,663 [            time-recorder] INFO                  timezones.TimezoneHelper - Current time = 2021-07-30T22:50:36.663-04:00
2021-07-30 22:50:37,663 [            time-recorder] INFO                  timezones.TimezoneHelper - Current time = 2021-07-30T22:50:37.663-04:00
2021-07-30 22:50:38,663 [            time-recorder] INFO                  timezones.TimezoneHelper - Current time = 2021-07-30T22:50:38.663-04:00
2021-07-30 22:50:39,663 [            time-recorder] INFO                  timezones.TimezoneHelper - Current time = 2021-07-30T22:50:39.663-04:00
2021-07-30 22:50:40,663 [            time-recorder] INFO                  timezones.TimezoneHelper - Current time = 2021-07-30T22:50:40.663-04:00
